11:02:15 **** Build of configuration Debug for project Esercizio_88 ****
make all 
Building file: ../src/Esercizio_88.c
Invoking: GCC C Compiler
gcc -Iso2016 -O0 -g3 -Wall -c -fmessage-length=0 -MMD -MP -MF"src/Esercizio_88.d" -MT"src/Esercizio_88.o" -o "src/Esercizio_88.o" "../src/Esercizio_88.c"
Finished building: ../src/Esercizio_88.c
 
Building target: Esercizio_88
Invoking: GCC C Linker
gcc  -o "Esercizio_88" ./src/Esercizio_88.o    -lso2016
Finished building target: Esercizio_88
 
11:02:20 **** Incremental Build of configuration Debug for project Esercizio_88 ****
make all 
make: Nessuna operazione da eseguire per «all».
11:10:26 **** Incremental Build of configuration Debug for project Esercizio_88 ****
make all 
Building file: ../src/Esercizio_88.c
Invoking: GCC C Compiler
gcc -Iso2016 -O0 -g3 -Wall -c -fmessage-length=0 -MMD -MP -MF"src/Esercizio_88.d" -MT"src/Esercizio_88.o" -o "src/Esercizio_88.o" "../src/Esercizio_88.c"
Finished building: ../src/Esercizio_88.c
 
Building target: Esercizio_88
Invoking: GCC C Linker
gcc  -o "Esercizio_88" ./src/Esercizio_88.o    -lso2016
Finished building target: Esercizio_88
 
11:10:39 **** Build of configuration Debug for project Esercizio_85 ****
make all 
Building file: ../src/Esercizio_85.c
Invoking: GCC C Compiler
gcc -Iso2016 -O0 -g3 -Wall -c -fmessage-length=0 -MMD -MP -MF"src/Esercizio_85.d" -MT"src/Esercizio_85.o" -o "src/Esercizio_85.o" "../src/Esercizio_85.c"
Finished building: ../src/Esercizio_85.c
 
Building target: Esercizio_85
Invoking: GCC C Linker
gcc  -o "Esercizio_85" ./src/Esercizio_85.o    -lso2016
Finished building target: Esercizio_85
 
